<?xml version="1.0" encoding="UTF-8"?>
<!-- Generated by org.testng.reporters.JUnitXMLReporter -->
<testsuite ignored="0" hostname="DESKTOP-DU9AN7M" failures="0" tests="3" name="Default test" time="33.115" errors="0" timestamp="2022-09-06T12:37:58 IST">
  <testcase classname="GitAutomation.GitAutomation.Autoamtion" name="GoogleSearch" time="5.756"/>
  <testcase classname="GitAutomation.GitAutomation.Autoamtion" name="MyntraSearch" time="12.8"/>
  <testcase classname="GitAutomation.GitAutomation.Autoamtion" name="WikiSearch" time="9.034"/>
</testsuite> <!-- Default test -->
