<?xml version="1.0" encoding="UTF-8"?>
<testng-results ignored="0" total="3" passed="3" failed="0" skipped="0">
  <reporter-output>
  </reporter-output>
  <suite started-at="2022-09-06T12:37:25 IST" name="Default suite" finished-at="2022-09-06T12:37:58 IST" duration-ms="33115">
    <groups>
    </groups>
    <test started-at="2022-09-06T12:37:25 IST" name="Default test" finished-at="2022-09-06T12:37:58 IST" duration-ms="33115">
      <class name="GitAutomation.GitAutomation.Autoamtion">
        <test-method is-config="true" signature="Setup()[pri:0, instance:GitAutomation.GitAutomation.Autoamtion@d9345cd]" started-at="2022-09-06T12:37:25 IST" name="Setup" finished-at="2022-09-06T12:37:31 IST" duration-ms="5361" status="PASS">
          <reporter-output>
          </reporter-output>
        </test-method> <!-- Setup -->
        <test-method signature="GoogleSearch()[pri:0, instance:GitAutomation.GitAutomation.Autoamtion@d9345cd]" started-at="2022-09-06T12:37:31 IST" name="GoogleSearch" finished-at="2022-09-06T12:37:37 IST" duration-ms="5756" status="PASS">
          <reporter-output>
          </reporter-output>
        </test-method> <!-- GoogleSearch -->
        <test-method signature="MyntraSearch()[pri:0, instance:GitAutomation.GitAutomation.Autoamtion@d9345cd]" started-at="2022-09-06T12:37:37 IST" name="MyntraSearch" finished-at="2022-09-06T12:37:49 IST" duration-ms="12800" status="PASS">
          <reporter-output>
          </reporter-output>
        </test-method> <!-- MyntraSearch -->
        <test-method signature="WikiSearch()[pri:0, instance:GitAutomation.GitAutomation.Autoamtion@d9345cd]" started-at="2022-09-06T12:37:49 IST" name="WikiSearch" finished-at="2022-09-06T12:37:58 IST" duration-ms="9034" status="PASS">
          <reporter-output>
          </reporter-output>
        </test-method> <!-- WikiSearch -->
      </class> <!-- GitAutomation.GitAutomation.Autoamtion -->
    </test> <!-- Default test -->
  </suite> <!-- Default suite -->
</testng-results>
